DEPRECATION WARNING: ActiveRecord::Base.raise_in_transactional_callbacks= is deprecated, has no effect and will be removed without replacement. (called from require at /usr/share/rvm/rubies/ruby-2.4.5/lib/ruby/site_ruby/2.4.0/rubygems/core_ext/kernel_require.rb:54)
Started GET "/" for ::1 at 2019-04-19 09:40:10 +0200
DEPRECATION WARNING: ActiveRecord::Base.raise_in_transactional_callbacks= is deprecated, has no effect and will be removed without replacement. (called from block (3 levels) in <class:Railtie> at /home/i9/.rvm/gems/ruby-2.4.5/gems/activerecord-5.0.2/lib/active_record/railtie.rb:113)
  
ActiveRecord::PendingMigrationError (

Migrations are pending. To resolve this issue, run:

        bin/rails db:migrate RAILS_ENV=development

):
  
activerecord (5.0.2) lib/active_record/migration.rb:573:in `check_pending!'
activerecord (5.0.2) lib/active_record/migration.rb:549:in `call'
actionpack (5.0.2) lib/action_dispatch/middleware/callbacks.rb:38:in `block in call'
activesupport (5.0.2) lib/active_support/callbacks.rb:97:in `__run_callbacks__'
activesupport (5.0.2) lib/active_support/callbacks.rb:750:in `_run_call_callbacks'
activesupport (5.0.2) lib/active_support/callbacks.rb:90:in `run_callbacks'
actionpack (5.0.2) lib/action_dispatch/middleware/callbacks.rb:36:in `call'
actionpack (5.0.2) lib/action_dispatch/middleware/executor.rb:12:in `call'
actionpack (5.0.2) lib/action_dispatch/middleware/remote_ip.rb:79:in `call'
actionpack (5.0.2) lib/action_dispatch/middleware/debug_exceptions.rb:49:in `call'
web-console (2.3.0) lib/web_console/middleware.rb:28:in `block in call'
web-console (2.3.0) lib/web_console/middleware.rb:18:in `catch'
web-console (2.3.0) lib/web_console/middleware.rb:18:in `call'
actionpack (5.0.2) lib/action_dispatch/middleware/show_exceptions.rb:31:in `call'
railties (5.0.2) lib/rails/rack/logger.rb:36:in `call_app'
railties (5.0.2) lib/rails/rack/logger.rb:24:in `block in call'
activesupport (5.0.2) lib/active_support/tagged_logging.rb:69:in `block in tagged'
activesupport (5.0.2) lib/active_support/tagged_logging.rb:26:in `tagged'
activesupport (5.0.2) lib/active_support/tagged_logging.rb:69:in `tagged'
railties (5.0.2) lib/rails/rack/logger.rb:24:in `call'
actionpack (5.0.2) lib/action_dispatch/middleware/request_id.rb:24:in `call'
rack (2.0.6) lib/rack/method_override.rb:22:in `call'
rack (2.0.6) lib/rack/runtime.rb:22:in `call'
activesupport (5.0.2) lib/active_support/cache/strategy/local_cache_middleware.rb:28:in `call'
actionpack (5.0.2) lib/action_dispatch/middleware/executor.rb:12:in `call'
actionpack (5.0.2) lib/action_dispatch/middleware/static.rb:136:in `call'
rack (2.0.6) lib/rack/sendfile.rb:111:in `call'
railties (5.0.2) lib/rails/engine.rb:522:in `call'
puma (3.12.0) lib/puma/configuration.rb:225:in `call'
puma (3.12.0) lib/puma/server.rb:658:in `handle_request'
puma (3.12.0) lib/puma/server.rb:472:in `process_client'
puma (3.12.0) lib/puma/server.rb:332:in `block in run'
puma (3.12.0) lib/puma/thread_pool.rb:133:in `block in spawn_thread'
  Rendering /home/i9/.rvm/gems/ruby-2.4.5/gems/actionpack-5.0.2/lib/action_dispatch/middleware/templates/rescues/diagnostics.html.erb within rescues/layout
  Rendering /home/i9/.rvm/gems/ruby-2.4.5/gems/actionpack-5.0.2/lib/action_dispatch/middleware/templates/rescues/_source.html.erb
  Rendered /home/i9/.rvm/gems/ruby-2.4.5/gems/actionpack-5.0.2/lib/action_dispatch/middleware/templates/rescues/_source.html.erb (3.0ms)
  Rendering /home/i9/.rvm/gems/ruby-2.4.5/gems/actionpack-5.0.2/lib/action_dispatch/middleware/templates/rescues/_trace.html.erb
  Rendered /home/i9/.rvm/gems/ruby-2.4.5/gems/actionpack-5.0.2/lib/action_dispatch/middleware/templates/rescues/_trace.html.erb (1.3ms)
  Rendering /home/i9/.rvm/gems/ruby-2.4.5/gems/actionpack-5.0.2/lib/action_dispatch/middleware/templates/rescues/_request_and_response.html.erb
  Rendered /home/i9/.rvm/gems/ruby-2.4.5/gems/actionpack-5.0.2/lib/action_dispatch/middleware/templates/rescues/_request_and_response.html.erb (0.5ms)
  Rendered /home/i9/.rvm/gems/ruby-2.4.5/gems/actionpack-5.0.2/lib/action_dispatch/middleware/templates/rescues/diagnostics.html.erb within rescues/layout (54.3ms)
DEPRECATION WARNING: Accessing mime types via constants is deprecated. Please change `Mime::HTML` to `Mime[:html]`. (called from acceptable_content_type? at /home/i9/.rvm/gems/ruby-2.4.5/gems/web-console-2.3.0/lib/web_console/middleware.rb:58)
  Rendering /home/i9/.rvm/gems/ruby-2.4.5/gems/web-console-2.3.0/lib/web_console/templates/index.html.erb
  Rendered /home/i9/.rvm/gems/ruby-2.4.5/gems/web-console-2.3.0/lib/web_console/templates/_markup.html.erb (0.3ms)
  Rendering /home/i9/.rvm/gems/ruby-2.4.5/gems/web-console-2.3.0/lib/web_console/templates/console.js.erb within layouts/javascript
  Rendering /home/i9/.rvm/gems/ruby-2.4.5/gems/web-console-2.3.0/lib/web_console/templates/_inner_console_markup.html.erb within layouts/inlined_string
  Rendered /home/i9/.rvm/gems/ruby-2.4.5/gems/web-console-2.3.0/lib/web_console/templates/_inner_console_markup.html.erb within layouts/inlined_string (0.7ms)
  Rendering /home/i9/.rvm/gems/ruby-2.4.5/gems/web-console-2.3.0/lib/web_console/templates/_prompt_box_markup.html.erb within layouts/inlined_string
  Rendered /home/i9/.rvm/gems/ruby-2.4.5/gems/web-console-2.3.0/lib/web_console/templates/_prompt_box_markup.html.erb within layouts/inlined_string (0.4ms)
  Rendering /home/i9/.rvm/gems/ruby-2.4.5/gems/web-console-2.3.0/lib/web_console/templates/style.css.erb within layouts/inlined_string
  Rendered /home/i9/.rvm/gems/ruby-2.4.5/gems/web-console-2.3.0/lib/web_console/templates/style.css.erb within layouts/inlined_string (0.4ms)
DEPRECATION WARNING: Accessing mime types via constants is deprecated. Please change `Mime::WEB_CONSOLE_V2` to `Mime[:web_console_v2]`. (called from __home_i___rvm_gems_ruby_______gems_web_console_______lib_web_console_templates_console_js_erb___3296030383175601666_47104148303700 at /home/i9/.rvm/gems/ruby-2.4.5/gems/web-console-2.3.0/lib/web_console/templates/console.js.erb:491)
  Rendered /home/i9/.rvm/gems/ruby-2.4.5/gems/web-console-2.3.0/lib/web_console/templates/console.js.erb within layouts/javascript (116.3ms)
  Rendering /home/i9/.rvm/gems/ruby-2.4.5/gems/web-console-2.3.0/lib/web_console/templates/main.js.erb within layouts/javascript
  Rendered /home/i9/.rvm/gems/ruby-2.4.5/gems/web-console-2.3.0/lib/web_console/templates/main.js.erb within layouts/javascript (0.3ms)
  Rendering /home/i9/.rvm/gems/ruby-2.4.5/gems/web-console-2.3.0/lib/web_console/templates/error_page.js.erb within layouts/javascript
  Rendered /home/i9/.rvm/gems/ruby-2.4.5/gems/web-console-2.3.0/lib/web_console/templates/error_page.js.erb within layouts/javascript (0.4ms)
  Rendered /home/i9/.rvm/gems/ruby-2.4.5/gems/web-console-2.3.0/lib/web_console/templates/index.html.erb (161.4ms)
DEPRECATION WARNING: ActiveRecord::Base.raise_in_transactional_callbacks= is deprecated, has no effect and will be removed without replacement. (called from require at /usr/share/rvm/rubies/ruby-2.4.5/lib/ruby/site_ruby/2.4.0/rubygems/core_ext/kernel_require.rb:54)
  [1m[35m (182.6ms)[0m  [1m[35mCREATE TABLE "schema_migrations" ("version" character varying PRIMARY KEY)[0m
  [1m[35m (183.6ms)[0m  [1m[35mCREATE TABLE "ar_internal_metadata" ("key" character varying PRIMARY KEY, "value" character varying, "created_at" timestamp NOT NULL, "updated_at" timestamp NOT NULL)[0m
  [1m[35m (169.0ms)[0m  [1m[34mSELECT pg_try_advisory_lock(3394398716125288620);[0m
  [1m[36mActiveRecord::SchemaMigration Load (169.2ms)[0m  [1m[34mSELECT "schema_migrations".* FROM "schema_migrations"[0m
Migrating to CreateUsers (20160509084039)
  [1m[35m (168.6ms)[0m  [1m[35mBEGIN[0m
DEPRECATION WARNING: Directly inheriting from ActiveRecord::Migration is deprecated. Please specify the Rails release the migration was written for:

  class CreateUsers < ActiveRecord::Migration[4.2] (called from <top (required)> at /var/www/shypple/bin/rake:9)
  [1m[35m (234.3ms)[0m  [1m[35mCREATE TABLE "users" ("id" serial primary key, "name" character varying NOT NULL, "email" character varying NOT NULL, "password_digest" character varying NOT NULL, "created_at" timestamp, "updated_at" timestamp)[0m
  [1m[35m (173.0ms)[0m  [1m[35mCREATE UNIQUE INDEX  "index_users_on_email" ON "users"  ("email")[0m
  [1m[35mSQL (169.3ms)[0m  [1m[32mINSERT INTO "schema_migrations" ("version") VALUES ($1) RETURNING "version"[0m  [["version", "20160509084039"]]
  [1m[35m (170.7ms)[0m  [1m[35mCOMMIT[0m
  [1m[36mActiveRecord::InternalMetadata Load (170.1ms)[0m  [1m[34mSELECT  "ar_internal_metadata".* FROM "ar_internal_metadata" WHERE "ar_internal_metadata"."key" = $1 LIMIT $2[0m  [["key", :environment], ["LIMIT", 1]]
  [1m[35m (168.9ms)[0m  [1m[35mBEGIN[0m
  [1m[35mSQL (170.9ms)[0m  [1m[32mINSERT INTO "ar_internal_metadata" ("key", "value", "created_at", "updated_at") VALUES ($1, $2, $3, $4) RETURNING "key"[0m  [["key", "environment"], ["value", "development"], ["created_at", 2019-04-19 07:40:54 UTC], ["updated_at", 2019-04-19 07:40:54 UTC]]
  [1m[35m (170.0ms)[0m  [1m[35mCOMMIT[0m
  [1m[35m (169.4ms)[0m  [1m[34mSELECT pg_advisory_unlock(3394398716125288620)[0m
  [1m[36mActiveRecord::SchemaMigration Load (169.2ms)[0m  [1m[34mSELECT "schema_migrations".* FROM "schema_migrations"[0m
  [1m[36mActiveRecord::SchemaMigration Load (169.6ms)[0m  [1m[34mSELECT "schema_migrations".* FROM "schema_migrations"[0m
  [1m[35m (169.6ms)[0m  [1m[35mBEGIN[0m
  [1m[36mUser Exists (170.1ms)[0m  [1m[34mSELECT  1 AS one FROM "users" WHERE "users"."email" = $1 LIMIT $2[0m  [["email", "admin@example.com"], ["LIMIT", 1]]
  [1m[35mSQL (170.0ms)[0m  [1m[32mINSERT INTO "users" ("name", "email", "password_digest", "created_at", "updated_at") VALUES ($1, $2, $3, $4, $5) RETURNING "id"[0m  [["name", "Admin User"], ["email", "admin@example.com"], ["password_digest", "$2a$10$kx5VWsBLrw0o/vIGOimVQ.63Av0/CyWXwDp2dnMRMb4h9phFZoPaG"], ["created_at", 2019-04-19 07:41:31 UTC], ["updated_at", 2019-04-19 07:41:31 UTC]]
  [1m[35m (170.9ms)[0m  [1m[35mCOMMIT[0m
Started GET "/" for ::1 at 2019-04-19 09:41:48 +0200
DEPRECATION WARNING: ActiveRecord::Base.raise_in_transactional_callbacks= is deprecated, has no effect and will be removed without replacement. (called from block (3 levels) in <class:Railtie> at /home/i9/.rvm/gems/ruby-2.4.5/gems/activerecord-5.0.2/lib/active_record/railtie.rb:113)
  [1m[36mActiveRecord::SchemaMigration Load (181.9ms)[0m  [1m[34mSELECT "schema_migrations".* FROM "schema_migrations"[0m
Processing by HomeController#index as HTML
Completed 500 Internal Server Error in 23ms (ActiveRecord: 0.0ms)


  
LoadError (cannot load such file -- nasa_open_api):
  
app/controllers/home_controller.rb:5:in `index'
  Rendering /home/i9/.rvm/gems/ruby-2.4.5/gems/actionpack-5.0.2/lib/action_dispatch/middleware/templates/rescues/diagnostics.html.erb within rescues/layout
  Rendering /home/i9/.rvm/gems/ruby-2.4.5/gems/actionpack-5.0.2/lib/action_dispatch/middleware/templates/rescues/_source.html.erb
  Rendered /home/i9/.rvm/gems/ruby-2.4.5/gems/actionpack-5.0.2/lib/action_dispatch/middleware/templates/rescues/_source.html.erb (1.8ms)
  Rendering /home/i9/.rvm/gems/ruby-2.4.5/gems/actionpack-5.0.2/lib/action_dispatch/middleware/templates/rescues/_trace.html.erb
  Rendered /home/i9/.rvm/gems/ruby-2.4.5/gems/actionpack-5.0.2/lib/action_dispatch/middleware/templates/rescues/_trace.html.erb (0.8ms)
  Rendering /home/i9/.rvm/gems/ruby-2.4.5/gems/actionpack-5.0.2/lib/action_dispatch/middleware/templates/rescues/_request_and_response.html.erb
  Rendered /home/i9/.rvm/gems/ruby-2.4.5/gems/actionpack-5.0.2/lib/action_dispatch/middleware/templates/rescues/_request_and_response.html.erb (0.3ms)
  Rendered /home/i9/.rvm/gems/ruby-2.4.5/gems/actionpack-5.0.2/lib/action_dispatch/middleware/templates/rescues/diagnostics.html.erb within rescues/layout (17.5ms)
DEPRECATION WARNING: Accessing mime types via constants is deprecated. Please change `Mime::HTML` to `Mime[:html]`. (called from acceptable_content_type? at /home/i9/.rvm/gems/ruby-2.4.5/gems/web-console-2.3.0/lib/web_console/middleware.rb:58)
  Rendering /home/i9/.rvm/gems/ruby-2.4.5/gems/web-console-2.3.0/lib/web_console/templates/index.html.erb
  Rendered /home/i9/.rvm/gems/ruby-2.4.5/gems/web-console-2.3.0/lib/web_console/templates/_markup.html.erb (0.1ms)
  Rendering /home/i9/.rvm/gems/ruby-2.4.5/gems/web-console-2.3.0/lib/web_console/templates/console.js.erb within layouts/javascript
  Rendering /home/i9/.rvm/gems/ruby-2.4.5/gems/web-console-2.3.0/lib/web_console/templates/_inner_console_markup.html.erb within layouts/inlined_string
  Rendered /home/i9/.rvm/gems/ruby-2.4.5/gems/web-console-2.3.0/lib/web_console/templates/_inner_console_markup.html.erb within layouts/inlined_string (0.1ms)
  Rendering /home/i9/.rvm/gems/ruby-2.4.5/gems/web-console-2.3.0/lib/web_console/templates/_prompt_box_markup.html.erb within layouts/inlined_string
  Rendered /home/i9/.rvm/gems/ruby-2.4.5/gems/web-console-2.3.0/lib/web_console/templates/_prompt_box_markup.html.erb within layouts/inlined_string (0.1ms)
  Rendering /home/i9/.rvm/gems/ruby-2.4.5/gems/web-console-2.3.0/lib/web_console/templates/style.css.erb within layouts/inlined_string
  Rendered /home/i9/.rvm/gems/ruby-2.4.5/gems/web-console-2.3.0/lib/web_console/templates/style.css.erb within layouts/inlined_string (0.1ms)
DEPRECATION WARNING: Accessing mime types via constants is deprecated. Please change `Mime::WEB_CONSOLE_V2` to `Mime[:web_console_v2]`. (called from __home_i___rvm_gems_ruby_______gems_web_console_______lib_web_console_templates_console_js_erb___2870290150070583413_47267950433800 at /home/i9/.rvm/gems/ruby-2.4.5/gems/web-console-2.3.0/lib/web_console/templates/console.js.erb:491)
  Rendered /home/i9/.rvm/gems/ruby-2.4.5/gems/web-console-2.3.0/lib/web_console/templates/console.js.erb within layouts/javascript (11.4ms)
  Rendering /home/i9/.rvm/gems/ruby-2.4.5/gems/web-console-2.3.0/lib/web_console/templates/main.js.erb within layouts/javascript
  Rendered /home/i9/.rvm/gems/ruby-2.4.5/gems/web-console-2.3.0/lib/web_console/templates/main.js.erb within layouts/javascript (0.1ms)
  Rendering /home/i9/.rvm/gems/ruby-2.4.5/gems/web-console-2.3.0/lib/web_console/templates/error_page.js.erb within layouts/javascript
  Rendered /home/i9/.rvm/gems/ruby-2.4.5/gems/web-console-2.3.0/lib/web_console/templates/error_page.js.erb within layouts/javascript (0.2ms)
  Rendered /home/i9/.rvm/gems/ruby-2.4.5/gems/web-console-2.3.0/lib/web_console/templates/index.html.erb (21.5ms)
Started POST "//login" for ::1 at 2019-04-19 09:48:50 +0200
DEPRECATION WARNING: ActiveRecord::Base.raise_in_transactional_callbacks= is deprecated, has no effect and will be removed without replacement. (called from block (3 levels) in <class:Railtie> at /home/i9/.rvm/gems/ruby-2.4.5/gems/activerecord-5.0.2/lib/active_record/railtie.rb:113)
  [1m[36mActiveRecord::SchemaMigration Load (178.8ms)[0m  [1m[34mSELECT "schema_migrations".* FROM "schema_migrations"[0m
Processing by SessionsController#create as */*
  Parameters: {"email"=>"admin@example.com", "password"=>"[FILTERED]"}
  [1m[36mUser Load (178.9ms)[0m  [1m[34mSELECT  "users".* FROM "users" WHERE "users"."email" = $1 LIMIT $2[0m  [["email", "admin@example.com"], ["LIMIT", 1]]
Completed 500 Internal Server Error in 1267ms (ActiveRecord: 901.9ms)


  
NameError (undefined local variable or method `dashboard_url' for #<SessionsController:0x0000560776c0fca0>):
  
app/controllers/sessions_controller.rb:15:in `block (2 levels) in create'
app/controllers/sessions_controller.rb:13:in `create'
  Rendering /home/i9/.rvm/gems/ruby-2.4.5/gems/actionpack-5.0.2/lib/action_dispatch/middleware/templates/rescues/diagnostics.html.erb within rescues/layout
  Rendering /home/i9/.rvm/gems/ruby-2.4.5/gems/actionpack-5.0.2/lib/action_dispatch/middleware/templates/rescues/_source.html.erb
  Rendered /home/i9/.rvm/gems/ruby-2.4.5/gems/actionpack-5.0.2/lib/action_dispatch/middleware/templates/rescues/_source.html.erb (2.8ms)
  Rendering /home/i9/.rvm/gems/ruby-2.4.5/gems/actionpack-5.0.2/lib/action_dispatch/middleware/templates/rescues/_trace.html.erb
  Rendered /home/i9/.rvm/gems/ruby-2.4.5/gems/actionpack-5.0.2/lib/action_dispatch/middleware/templates/rescues/_trace.html.erb (1.0ms)
  Rendering /home/i9/.rvm/gems/ruby-2.4.5/gems/actionpack-5.0.2/lib/action_dispatch/middleware/templates/rescues/_request_and_response.html.erb
  Rendered /home/i9/.rvm/gems/ruby-2.4.5/gems/actionpack-5.0.2/lib/action_dispatch/middleware/templates/rescues/_request_and_response.html.erb (0.5ms)
  Rendered /home/i9/.rvm/gems/ruby-2.4.5/gems/actionpack-5.0.2/lib/action_dispatch/middleware/templates/rescues/diagnostics.html.erb within rescues/layout (48.2ms)
DEPRECATION WARNING: Accessing mime types via constants is deprecated. Please change `Mime::HTML` to `Mime[:html]`. (called from acceptable_content_type? at /home/i9/.rvm/gems/ruby-2.4.5/gems/web-console-2.3.0/lib/web_console/middleware.rb:58)
  Rendering /home/i9/.rvm/gems/ruby-2.4.5/gems/web-console-2.3.0/lib/web_console/templates/index.html.erb
  Rendered /home/i9/.rvm/gems/ruby-2.4.5/gems/web-console-2.3.0/lib/web_console/templates/_markup.html.erb (0.2ms)
  Rendering /home/i9/.rvm/gems/ruby-2.4.5/gems/web-console-2.3.0/lib/web_console/templates/console.js.erb within layouts/javascript
  Rendering /home/i9/.rvm/gems/ruby-2.4.5/gems/web-console-2.3.0/lib/web_console/templates/_inner_console_markup.html.erb within layouts/inlined_string
  Rendered /home/i9/.rvm/gems/ruby-2.4.5/gems/web-console-2.3.0/lib/web_console/templates/_inner_console_markup.html.erb within layouts/inlined_string (0.3ms)
  Rendering /home/i9/.rvm/gems/ruby-2.4.5/gems/web-console-2.3.0/lib/web_console/templates/_prompt_box_markup.html.erb within layouts/inlined_string
  Rendered /home/i9/.rvm/gems/ruby-2.4.5/gems/web-console-2.3.0/lib/web_console/templates/_prompt_box_markup.html.erb within layouts/inlined_string (0.1ms)
  Rendering /home/i9/.rvm/gems/ruby-2.4.5/gems/web-console-2.3.0/lib/web_console/templates/style.css.erb within layouts/inlined_string
  Rendered /home/i9/.rvm/gems/ruby-2.4.5/gems/web-console-2.3.0/lib/web_console/templates/style.css.erb within layouts/inlined_string (0.1ms)
DEPRECATION WARNING: Accessing mime types via constants is deprecated. Please change `Mime::WEB_CONSOLE_V2` to `Mime[:web_console_v2]`. (called from __home_i___rvm_gems_ruby_______gems_web_console_______lib_web_console_templates_console_js_erb__273471087486641421_47295025752320 at /home/i9/.rvm/gems/ruby-2.4.5/gems/web-console-2.3.0/lib/web_console/templates/console.js.erb:491)
  Rendered /home/i9/.rvm/gems/ruby-2.4.5/gems/web-console-2.3.0/lib/web_console/templates/console.js.erb within layouts/javascript (12.1ms)
  Rendering /home/i9/.rvm/gems/ruby-2.4.5/gems/web-console-2.3.0/lib/web_console/templates/main.js.erb within layouts/javascript
  Rendered /home/i9/.rvm/gems/ruby-2.4.5/gems/web-console-2.3.0/lib/web_console/templates/main.js.erb within layouts/javascript (0.2ms)
  Rendering /home/i9/.rvm/gems/ruby-2.4.5/gems/web-console-2.3.0/lib/web_console/templates/error_page.js.erb within layouts/javascript
  Rendered /home/i9/.rvm/gems/ruby-2.4.5/gems/web-console-2.3.0/lib/web_console/templates/error_page.js.erb within layouts/javascript (0.3ms)
  Rendered /home/i9/.rvm/gems/ruby-2.4.5/gems/web-console-2.3.0/lib/web_console/templates/index.html.erb (21.7ms)
Started POST "/login" for ::1 at 2019-04-19 09:49:10 +0200
Processing by SessionsController#create as */*
  Parameters: {"email"=>"admin@example.com", "password"=>"[FILTERED]"}
  [1m[36mUser Load (179.7ms)[0m  [1m[34mSELECT  "users".* FROM "users" WHERE "users"."email" = $1 LIMIT $2[0m  [["email", "admin@example.com"], ["LIMIT", 1]]
Completed 500 Internal Server Error in 314ms (ActiveRecord: 179.7ms)


  
NameError (undefined local variable or method `dashboard_url' for #<SessionsController:0x0000560776804a20>):
  
app/controllers/sessions_controller.rb:15:in `block (2 levels) in create'
app/controllers/sessions_controller.rb:13:in `create'
  Rendering /home/i9/.rvm/gems/ruby-2.4.5/gems/actionpack-5.0.2/lib/action_dispatch/middleware/templates/rescues/diagnostics.html.erb within rescues/layout
  Rendering /home/i9/.rvm/gems/ruby-2.4.5/gems/actionpack-5.0.2/lib/action_dispatch/middleware/templates/rescues/_source.html.erb
  Rendered /home/i9/.rvm/gems/ruby-2.4.5/gems/actionpack-5.0.2/lib/action_dispatch/middleware/templates/rescues/_source.html.erb (1.8ms)
  Rendering /home/i9/.rvm/gems/ruby-2.4.5/gems/actionpack-5.0.2/lib/action_dispatch/middleware/templates/rescues/_trace.html.erb
  Rendered /home/i9/.rvm/gems/ruby-2.4.5/gems/actionpack-5.0.2/lib/action_dispatch/middleware/templates/rescues/_trace.html.erb (1.1ms)
  Rendering /home/i9/.rvm/gems/ruby-2.4.5/gems/actionpack-5.0.2/lib/action_dispatch/middleware/templates/rescues/_request_and_response.html.erb
  Rendered /home/i9/.rvm/gems/ruby-2.4.5/gems/actionpack-5.0.2/lib/action_dispatch/middleware/templates/rescues/_request_and_response.html.erb (0.4ms)
  Rendered /home/i9/.rvm/gems/ruby-2.4.5/gems/actionpack-5.0.2/lib/action_dispatch/middleware/templates/rescues/diagnostics.html.erb within rescues/layout (45.0ms)
DEPRECATION WARNING: Accessing mime types via constants is deprecated. Please change `Mime::HTML` to `Mime[:html]`. (called from acceptable_content_type? at /home/i9/.rvm/gems/ruby-2.4.5/gems/web-console-2.3.0/lib/web_console/middleware.rb:58)
  Rendering /home/i9/.rvm/gems/ruby-2.4.5/gems/web-console-2.3.0/lib/web_console/templates/index.html.erb
  Rendered /home/i9/.rvm/gems/ruby-2.4.5/gems/web-console-2.3.0/lib/web_console/templates/_markup.html.erb (0.1ms)
  Rendering /home/i9/.rvm/gems/ruby-2.4.5/gems/web-console-2.3.0/lib/web_console/templates/console.js.erb within layouts/javascript
  Rendering /home/i9/.rvm/gems/ruby-2.4.5/gems/web-console-2.3.0/lib/web_console/templates/_inner_console_markup.html.erb within layouts/inlined_string
  Rendered /home/i9/.rvm/gems/ruby-2.4.5/gems/web-console-2.3.0/lib/web_console/templates/_inner_console_markup.html.erb within layouts/inlined_string (0.2ms)
  Rendering /home/i9/.rvm/gems/ruby-2.4.5/gems/web-console-2.3.0/lib/web_console/templates/_prompt_box_markup.html.erb within layouts/inlined_string
  Rendered /home/i9/.rvm/gems/ruby-2.4.5/gems/web-console-2.3.0/lib/web_console/templates/_prompt_box_markup.html.erb within layouts/inlined_string (0.1ms)
  Rendering /home/i9/.rvm/gems/ruby-2.4.5/gems/web-console-2.3.0/lib/web_console/templates/style.css.erb within layouts/inlined_string
  Rendered /home/i9/.rvm/gems/ruby-2.4.5/gems/web-console-2.3.0/lib/web_console/templates/style.css.erb within layouts/inlined_string (0.2ms)
DEPRECATION WARNING: Accessing mime types via constants is deprecated. Please change `Mime::WEB_CONSOLE_V2` to `Mime[:web_console_v2]`. (called from __home_i___rvm_gems_ruby_______gems_web_console_______lib_web_console_templates_console_js_erb__273471087486641421_47295026955300 at /home/i9/.rvm/gems/ruby-2.4.5/gems/web-console-2.3.0/lib/web_console/templates/console.js.erb:491)
  Rendered /home/i9/.rvm/gems/ruby-2.4.5/gems/web-console-2.3.0/lib/web_console/templates/console.js.erb within layouts/javascript (8.9ms)
  Rendering /home/i9/.rvm/gems/ruby-2.4.5/gems/web-console-2.3.0/lib/web_console/templates/main.js.erb within layouts/javascript
  Rendered /home/i9/.rvm/gems/ruby-2.4.5/gems/web-console-2.3.0/lib/web_console/templates/main.js.erb within layouts/javascript (0.1ms)
  Rendering /home/i9/.rvm/gems/ruby-2.4.5/gems/web-console-2.3.0/lib/web_console/templates/error_page.js.erb within layouts/javascript
  Rendered /home/i9/.rvm/gems/ruby-2.4.5/gems/web-console-2.3.0/lib/web_console/templates/error_page.js.erb within layouts/javascript (0.2ms)
  Rendered /home/i9/.rvm/gems/ruby-2.4.5/gems/web-console-2.3.0/lib/web_console/templates/index.html.erb (17.7ms)
Started POST "/login" for ::1 at 2019-04-19 09:50:36 +0200
Processing by SessionsController#create as */*
  Parameters: {"email"=>"admin@example.com", "password"=>"[FILTERED]"}
  [1m[36mUser Load (178.7ms)[0m  [1m[34mSELECT  "users".* FROM "users" WHERE "users"."email" = $1 LIMIT $2[0m  [["email", "admin@example.com"], ["LIMIT", 1]]
Completed 200 OK in 414ms (Views: 0.2ms | ActiveRecord: 178.7ms)


Started POST "/login" for ::1 at 2019-04-19 09:53:56 +0200
Processing by SessionsController#create as */*
  Parameters: {"email"=>"admin@example.com", "password"=>"[FILTERED]"}
  [1m[36mUser Load (178.9ms)[0m  [1m[34mSELECT  "users".* FROM "users" WHERE "users"."email" = $1 LIMIT $2[0m  [["email", "admin@example.com"], ["LIMIT", 1]]
Completed 200 OK in 225ms (Views: 0.2ms | ActiveRecord: 178.9ms)


Started POST "/login" for ::1 at 2019-04-19 09:54:24 +0200
Processing by SessionsController#create as */*
  Parameters: {"email"=>"admin@example.com", "password"=>"[FILTERED]"}
  [1m[36mUser Load (178.0ms)[0m  [1m[34mSELECT  "users".* FROM "users" WHERE "users"."email" = $1 LIMIT $2[0m  [["email", "admin@example.com"], ["LIMIT", 1]]
Completed 200 OK in 264ms (Views: 0.2ms | ActiveRecord: 178.0ms)


Started POST "/login" for ::1 at 2019-04-19 09:55:43 +0200
Processing by SessionsController#create as */*
  Parameters: {"email"=>"admin@example.com", "password"=>"[FILTERED]"}
  [1m[36mUser Load (179.6ms)[0m  [1m[34mSELECT  "users".* FROM "users" WHERE "users"."email" = $1 LIMIT $2[0m  [["email", "admin@example.com"], ["LIMIT", 1]]
Completed 200 OK in 228ms (Views: 0.2ms | ActiveRecord: 179.6ms)


Started GET "/ports" for ::1 at 2019-04-19 09:55:55 +0200
  
ActionController::RoutingError (No route matches [GET] "/ports"):
  
actionpack (5.0.2) lib/action_dispatch/middleware/debug_exceptions.rb:53:in `call'
web-console (2.3.0) lib/web_console/middleware.rb:28:in `block in call'
web-console (2.3.0) lib/web_console/middleware.rb:18:in `catch'
web-console (2.3.0) lib/web_console/middleware.rb:18:in `call'
actionpack (5.0.2) lib/action_dispatch/middleware/show_exceptions.rb:31:in `call'
railties (5.0.2) lib/rails/rack/logger.rb:36:in `call_app'
railties (5.0.2) lib/rails/rack/logger.rb:24:in `block in call'
activesupport (5.0.2) lib/active_support/tagged_logging.rb:69:in `block in tagged'
activesupport (5.0.2) lib/active_support/tagged_logging.rb:26:in `tagged'
activesupport (5.0.2) lib/active_support/tagged_logging.rb:69:in `tagged'
railties (5.0.2) lib/rails/rack/logger.rb:24:in `call'
actionpack (5.0.2) lib/action_dispatch/middleware/request_id.rb:24:in `call'
rack (2.0.6) lib/rack/method_override.rb:22:in `call'
rack (2.0.6) lib/rack/runtime.rb:22:in `call'
activesupport (5.0.2) lib/active_support/cache/strategy/local_cache_middleware.rb:28:in `call'
actionpack (5.0.2) lib/action_dispatch/middleware/executor.rb:12:in `call'
actionpack (5.0.2) lib/action_dispatch/middleware/static.rb:136:in `call'
rack (2.0.6) lib/rack/sendfile.rb:111:in `call'
railties (5.0.2) lib/rails/engine.rb:522:in `call'
puma (3.12.0) lib/puma/configuration.rb:225:in `call'
puma (3.12.0) lib/puma/server.rb:658:in `handle_request'
puma (3.12.0) lib/puma/server.rb:472:in `process_client'
puma (3.12.0) lib/puma/server.rb:332:in `block in run'
puma (3.12.0) lib/puma/thread_pool.rb:133:in `block in spawn_thread'
  Rendering /home/i9/.rvm/gems/ruby-2.4.5/gems/actionpack-5.0.2/lib/action_dispatch/middleware/templates/rescues/routing_error.html.erb within rescues/layout
  Rendering /home/i9/.rvm/gems/ruby-2.4.5/gems/actionpack-5.0.2/lib/action_dispatch/middleware/templates/rescues/_trace.html.erb
  Rendered /home/i9/.rvm/gems/ruby-2.4.5/gems/actionpack-5.0.2/lib/action_dispatch/middleware/templates/rescues/_trace.html.erb (1.1ms)
  Rendered collection of /home/i9/.rvm/gems/ruby-2.4.5/gems/actionpack-5.0.2/lib/action_dispatch/middleware/templates/routes/_route.html.erb [12 times] (15.8ms)
  Rendered /home/i9/.rvm/gems/ruby-2.4.5/gems/actionpack-5.0.2/lib/action_dispatch/middleware/templates/routes/_table.html.erb (11.7ms)
  Rendering /home/i9/.rvm/gems/ruby-2.4.5/gems/actionpack-5.0.2/lib/action_dispatch/middleware/templates/rescues/_request_and_response.html.erb
  Rendered /home/i9/.rvm/gems/ruby-2.4.5/gems/actionpack-5.0.2/lib/action_dispatch/middleware/templates/rescues/_request_and_response.html.erb (0.9ms)
  Rendered /home/i9/.rvm/gems/ruby-2.4.5/gems/actionpack-5.0.2/lib/action_dispatch/middleware/templates/rescues/routing_error.html.erb within rescues/layout (44.5ms)
DEPRECATION WARNING: Accessing mime types via constants is deprecated. Please change `Mime::HTML` to `Mime[:html]`. (called from acceptable_content_type? at /home/i9/.rvm/gems/ruby-2.4.5/gems/web-console-2.3.0/lib/web_console/middleware.rb:58)
  Rendering /home/i9/.rvm/gems/ruby-2.4.5/gems/web-console-2.3.0/lib/web_console/templates/index.html.erb
  Rendered /home/i9/.rvm/gems/ruby-2.4.5/gems/web-console-2.3.0/lib/web_console/templates/_markup.html.erb (0.2ms)
  Rendering /home/i9/.rvm/gems/ruby-2.4.5/gems/web-console-2.3.0/lib/web_console/templates/console.js.erb within layouts/javascript
  Rendering /home/i9/.rvm/gems/ruby-2.4.5/gems/web-console-2.3.0/lib/web_console/templates/_inner_console_markup.html.erb within layouts/inlined_string
  Rendered /home/i9/.rvm/gems/ruby-2.4.5/gems/web-console-2.3.0/lib/web_console/templates/_inner_console_markup.html.erb within layouts/inlined_string (0.1ms)
  Rendering /home/i9/.rvm/gems/ruby-2.4.5/gems/web-console-2.3.0/lib/web_console/templates/_prompt_box_markup.html.erb within layouts/inlined_string
  Rendered /home/i9/.rvm/gems/ruby-2.4.5/gems/web-console-2.3.0/lib/web_console/templates/_prompt_box_markup.html.erb within layouts/inlined_string (0.1ms)
  Rendering /home/i9/.rvm/gems/ruby-2.4.5/gems/web-console-2.3.0/lib/web_console/templates/style.css.erb within layouts/inlined_string
  Rendered /home/i9/.rvm/gems/ruby-2.4.5/gems/web-console-2.3.0/lib/web_console/templates/style.css.erb within layouts/inlined_string (0.1ms)
DEPRECATION WARNING: Accessing mime types via constants is deprecated. Please change `Mime::WEB_CONSOLE_V2` to `Mime[:web_console_v2]`. (called from __home_i___rvm_gems_ruby_______gems_web_console_______lib_web_console_templates_console_js_erb__273471087486641421_47295025407380 at /home/i9/.rvm/gems/ruby-2.4.5/gems/web-console-2.3.0/lib/web_console/templates/console.js.erb:491)
  Rendered /home/i9/.rvm/gems/ruby-2.4.5/gems/web-console-2.3.0/lib/web_console/templates/console.js.erb within layouts/javascript (11.0ms)
  Rendering /home/i9/.rvm/gems/ruby-2.4.5/gems/web-console-2.3.0/lib/web_console/templates/main.js.erb within layouts/javascript
  Rendered /home/i9/.rvm/gems/ruby-2.4.5/gems/web-console-2.3.0/lib/web_console/templates/main.js.erb within layouts/javascript (0.1ms)
  Rendering /home/i9/.rvm/gems/ruby-2.4.5/gems/web-console-2.3.0/lib/web_console/templates/error_page.js.erb within layouts/javascript
  Rendered /home/i9/.rvm/gems/ruby-2.4.5/gems/web-console-2.3.0/lib/web_console/templates/error_page.js.erb within layouts/javascript (0.3ms)
  Rendered /home/i9/.rvm/gems/ruby-2.4.5/gems/web-console-2.3.0/lib/web_console/templates/index.html.erb (21.9ms)
Started GET "/" for ::1 at 2019-04-19 09:58:26 +0200
Processing by HomeController#index as */*
  Parameters: {"home"=>{}}
Completed 200 OK in 1ms (Views: 0.2ms | ActiveRecord: 0.0ms)


Started POST "/login" for ::1 at 2019-04-19 09:58:34 +0200
Processing by SessionsController#create as */*
  Parameters: {"email"=>"admin@example.com", "password"=>"[FILTERED]"}
  [1m[36mUser Load (178.0ms)[0m  [1m[34mSELECT  "users".* FROM "users" WHERE "users"."email" = $1 LIMIT $2[0m  [["email", "admin@example.com"], ["LIMIT", 1]]
Completed 200 OK in 1170ms (Views: 0.2ms | ActiveRecord: 897.9ms)


Started GET "/" for ::1 at 2019-04-19 09:58:52 +0200
Processing by HomeController#index as */*
  Parameters: {"home"=>{}}
  [1m[36mUser Load (178.7ms)[0m  [1m[34mSELECT  "users".* FROM "users" WHERE "users"."id" = $1 LIMIT $2[0m  [["id", 1], ["LIMIT", 1]]
Completed 200 OK in 907ms (Views: 0.1ms | ActiveRecord: 716.2ms)


Started GET "/" for ::1 at 2019-04-19 09:59:15 +0200
Processing by HomeController#index as */*
  Parameters: {"home"=>{}}
Completed 200 OK in 2ms (Views: 0.4ms | ActiveRecord: 0.0ms)


Started GET "/" for ::1 at 2019-04-19 10:00:14 +0200
Processing by HomeController#index as */*
  Parameters: {"home"=>{}}
Completed 200 OK in 1ms (Views: 0.2ms | ActiveRecord: 0.0ms)


Started GET "/" for ::1 at 2019-04-19 10:00:30 +0200
Processing by HomeController#index as */*
  Parameters: {"home"=>{}}
  [1m[36mUser Load (178.5ms)[0m  [1m[34mSELECT  "users".* FROM "users" WHERE "users"."id" = $1 LIMIT $2[0m  [["id", 1], ["LIMIT", 1]]
Completed 200 OK in 182ms (Views: 0.1ms | ActiveRecord: 178.5ms)


Started GET "/" for ::1 at 2019-04-19 10:01:06 +0200
Processing by HomeController#index as */*
  Parameters: {"home"=>{}}
  [1m[36mUser Load (178.5ms)[0m  [1m[34mSELECT  "users".* FROM "users" WHERE "users"."id" = $1 LIMIT $2[0m  [["id", 1], ["LIMIT", 1]]
Completed 200 OK in 193ms (Views: 0.5ms | ActiveRecord: 178.5ms)


Started GET "/" for ::1 at 2019-04-19 10:01:40 +0200
Processing by HomeController#index as */*
  Parameters: {"home"=>{}}
  [1m[36mUser Load (179.2ms)[0m  [1m[34mSELECT  "users".* FROM "users" WHERE "users"."id" = $1 LIMIT $2[0m  [["id", 1], ["LIMIT", 1]]
Completed 500 Internal Server Error in 207ms (ActiveRecord: 179.2ms)


  
NoMethodError (undefined method `insepct' for #<User:0x0000560776b3f5c8>
Did you mean?  inspect):
  
app/controllers/application_controller.rb:29:in `authenticate'
  Rendering /home/i9/.rvm/gems/ruby-2.4.5/gems/actionpack-5.0.2/lib/action_dispatch/middleware/templates/rescues/diagnostics.html.erb within rescues/layout
  Rendering /home/i9/.rvm/gems/ruby-2.4.5/gems/actionpack-5.0.2/lib/action_dispatch/middleware/templates/rescues/_source.html.erb
  Rendered /home/i9/.rvm/gems/ruby-2.4.5/gems/actionpack-5.0.2/lib/action_dispatch/middleware/templates/rescues/_source.html.erb (2.3ms)
  Rendering /home/i9/.rvm/gems/ruby-2.4.5/gems/actionpack-5.0.2/lib/action_dispatch/middleware/templates/rescues/_trace.html.erb
  Rendered /home/i9/.rvm/gems/ruby-2.4.5/gems/actionpack-5.0.2/lib/action_dispatch/middleware/templates/rescues/_trace.html.erb (1.0ms)
  Rendering /home/i9/.rvm/gems/ruby-2.4.5/gems/actionpack-5.0.2/lib/action_dispatch/middleware/templates/rescues/_request_and_response.html.erb
  Rendered /home/i9/.rvm/gems/ruby-2.4.5/gems/actionpack-5.0.2/lib/action_dispatch/middleware/templates/rescues/_request_and_response.html.erb (0.4ms)
  Rendered /home/i9/.rvm/gems/ruby-2.4.5/gems/actionpack-5.0.2/lib/action_dispatch/middleware/templates/rescues/diagnostics.html.erb within rescues/layout (13.4ms)
DEPRECATION WARNING: Accessing mime types via constants is deprecated. Please change `Mime::HTML` to `Mime[:html]`. (called from acceptable_content_type? at /home/i9/.rvm/gems/ruby-2.4.5/gems/web-console-2.3.0/lib/web_console/middleware.rb:58)
  Rendering /home/i9/.rvm/gems/ruby-2.4.5/gems/web-console-2.3.0/lib/web_console/templates/index.html.erb
  Rendered /home/i9/.rvm/gems/ruby-2.4.5/gems/web-console-2.3.0/lib/web_console/templates/_markup.html.erb (0.1ms)
  Rendering /home/i9/.rvm/gems/ruby-2.4.5/gems/web-console-2.3.0/lib/web_console/templates/console.js.erb within layouts/javascript
  Rendering /home/i9/.rvm/gems/ruby-2.4.5/gems/web-console-2.3.0/lib/web_console/templates/_inner_console_markup.html.erb within layouts/inlined_string
  Rendered /home/i9/.rvm/gems/ruby-2.4.5/gems/web-console-2.3.0/lib/web_console/templates/_inner_console_markup.html.erb within layouts/inlined_string (0.1ms)
  Rendering /home/i9/.rvm/gems/ruby-2.4.5/gems/web-console-2.3.0/lib/web_console/templates/_prompt_box_markup.html.erb within layouts/inlined_string
  Rendered /home/i9/.rvm/gems/ruby-2.4.5/gems/web-console-2.3.0/lib/web_console/templates/_prompt_box_markup.html.erb within layouts/inlined_string (0.1ms)
  Rendering /home/i9/.rvm/gems/ruby-2.4.5/gems/web-console-2.3.0/lib/web_console/templates/style.css.erb within layouts/inlined_string
  Rendered /home/i9/.rvm/gems/ruby-2.4.5/gems/web-console-2.3.0/lib/web_console/templates/style.css.erb within layouts/inlined_string (0.2ms)
DEPRECATION WARNING: Accessing mime types via constants is deprecated. Please change `Mime::WEB_CONSOLE_V2` to `Mime[:web_console_v2]`. (called from __home_i___rvm_gems_ruby_______gems_web_console_______lib_web_console_templates_console_js_erb__273471087486641421_47295025666160 at /home/i9/.rvm/gems/ruby-2.4.5/gems/web-console-2.3.0/lib/web_console/templates/console.js.erb:491)
  Rendered /home/i9/.rvm/gems/ruby-2.4.5/gems/web-console-2.3.0/lib/web_console/templates/console.js.erb within layouts/javascript (9.7ms)
  Rendering /home/i9/.rvm/gems/ruby-2.4.5/gems/web-console-2.3.0/lib/web_console/templates/main.js.erb within layouts/javascript
  Rendered /home/i9/.rvm/gems/ruby-2.4.5/gems/web-console-2.3.0/lib/web_console/templates/main.js.erb within layouts/javascript (0.1ms)
  Rendering /home/i9/.rvm/gems/ruby-2.4.5/gems/web-console-2.3.0/lib/web_console/templates/error_page.js.erb within layouts/javascript
  Rendered /home/i9/.rvm/gems/ruby-2.4.5/gems/web-console-2.3.0/lib/web_console/templates/error_page.js.erb within layouts/javascript (0.2ms)
  Rendered /home/i9/.rvm/gems/ruby-2.4.5/gems/web-console-2.3.0/lib/web_console/templates/index.html.erb (19.1ms)
Started GET "/" for ::1 at 2019-04-19 10:01:53 +0200
Processing by HomeController#index as */*
  Parameters: {"home"=>{}}
  [1m[36mUser Load (178.6ms)[0m  [1m[34mSELECT  "users".* FROM "users" WHERE "users"."id" = $1 LIMIT $2[0m  [["id", 1], ["LIMIT", 1]]
Completed 500 Internal Server Error in 183ms (ActiveRecord: 178.6ms)


  
RuntimeError (#<User id: 1, name: "Admin User", email: "admin@example.com", password_digest: "$2a$10$kx5VWsBLrw0o/vIGOimVQ.63Av0/CyWXwDp2dnMRMb4...", created_at: "2019-04-19 07:41:31", updated_at: "2019-04-19 07:41:31">):
  
app/controllers/application_controller.rb:29:in `authenticate'
  Rendering /home/i9/.rvm/gems/ruby-2.4.5/gems/actionpack-5.0.2/lib/action_dispatch/middleware/templates/rescues/diagnostics.html.erb within rescues/layout
  Rendering /home/i9/.rvm/gems/ruby-2.4.5/gems/actionpack-5.0.2/lib/action_dispatch/middleware/templates/rescues/_source.html.erb
  Rendered /home/i9/.rvm/gems/ruby-2.4.5/gems/actionpack-5.0.2/lib/action_dispatch/middleware/templates/rescues/_source.html.erb (2.0ms)
  Rendering /home/i9/.rvm/gems/ruby-2.4.5/gems/actionpack-5.0.2/lib/action_dispatch/middleware/templates/rescues/_trace.html.erb
  Rendered /home/i9/.rvm/gems/ruby-2.4.5/gems/actionpack-5.0.2/lib/action_dispatch/middleware/templates/rescues/_trace.html.erb (0.9ms)
  Rendering /home/i9/.rvm/gems/ruby-2.4.5/gems/actionpack-5.0.2/lib/action_dispatch/middleware/templates/rescues/_request_and_response.html.erb
  Rendered /home/i9/.rvm/gems/ruby-2.4.5/gems/actionpack-5.0.2/lib/action_dispatch/middleware/templates/rescues/_request_and_response.html.erb (0.5ms)
  Rendered /home/i9/.rvm/gems/ruby-2.4.5/gems/actionpack-5.0.2/lib/action_dispatch/middleware/templates/rescues/diagnostics.html.erb within rescues/layout (11.8ms)
DEPRECATION WARNING: Accessing mime types via constants is deprecated. Please change `Mime::HTML` to `Mime[:html]`. (called from acceptable_content_type? at /home/i9/.rvm/gems/ruby-2.4.5/gems/web-console-2.3.0/lib/web_console/middleware.rb:58)
  Rendering /home/i9/.rvm/gems/ruby-2.4.5/gems/web-console-2.3.0/lib/web_console/templates/index.html.erb
  Rendered /home/i9/.rvm/gems/ruby-2.4.5/gems/web-console-2.3.0/lib/web_console/templates/_markup.html.erb (0.1ms)
  Rendering /home/i9/.rvm/gems/ruby-2.4.5/gems/web-console-2.3.0/lib/web_console/templates/console.js.erb within layouts/javascript
  Rendering /home/i9/.rvm/gems/ruby-2.4.5/gems/web-console-2.3.0/lib/web_console/templates/_inner_console_markup.html.erb within layouts/inlined_string
  Rendered /home/i9/.rvm/gems/ruby-2.4.5/gems/web-console-2.3.0/lib/web_console/templates/_inner_console_markup.html.erb within layouts/inlined_string (0.2ms)
  Rendering /home/i9/.rvm/gems/ruby-2.4.5/gems/web-console-2.3.0/lib/web_console/templates/_prompt_box_markup.html.erb within layouts/inlined_string
  Rendered /home/i9/.rvm/gems/ruby-2.4.5/gems/web-console-2.3.0/lib/web_console/templates/_prompt_box_markup.html.erb within layouts/inlined_string (0.1ms)
  Rendering /home/i9/.rvm/gems/ruby-2.4.5/gems/web-console-2.3.0/lib/web_console/templates/style.css.erb within layouts/inlined_string
  Rendered /home/i9/.rvm/gems/ruby-2.4.5/gems/web-console-2.3.0/lib/web_console/templates/style.css.erb within layouts/inlined_string (0.2ms)
DEPRECATION WARNING: Accessing mime types via constants is deprecated. Please change `Mime::WEB_CONSOLE_V2` to `Mime[:web_console_v2]`. (called from __home_i___rvm_gems_ruby_______gems_web_console_______lib_web_console_templates_console_js_erb__273471087486641421_47295028019100 at /home/i9/.rvm/gems/ruby-2.4.5/gems/web-console-2.3.0/lib/web_console/templates/console.js.erb:491)
  Rendered /home/i9/.rvm/gems/ruby-2.4.5/gems/web-console-2.3.0/lib/web_console/templates/console.js.erb within layouts/javascript (8.9ms)
  Rendering /home/i9/.rvm/gems/ruby-2.4.5/gems/web-console-2.3.0/lib/web_console/templates/main.js.erb within layouts/javascript
  Rendered /home/i9/.rvm/gems/ruby-2.4.5/gems/web-console-2.3.0/lib/web_console/templates/main.js.erb within layouts/javascript (0.1ms)
  Rendering /home/i9/.rvm/gems/ruby-2.4.5/gems/web-console-2.3.0/lib/web_console/templates/error_page.js.erb within layouts/javascript
  Rendered /home/i9/.rvm/gems/ruby-2.4.5/gems/web-console-2.3.0/lib/web_console/templates/error_page.js.erb within layouts/javascript (0.5ms)
  Rendered /home/i9/.rvm/gems/ruby-2.4.5/gems/web-console-2.3.0/lib/web_console/templates/index.html.erb (19.0ms)
Started GET "/" for ::1 at 2019-04-19 10:02:55 +0200
Processing by HomeController#index as */*
  Parameters: {"home"=>{}}
Completed 500 Internal Server Error in 0ms (ActiveRecord: 0.0ms)


  
RuntimeError (nil):
  
app/controllers/application_controller.rb:26:in `authenticate'
  Rendering /home/i9/.rvm/gems/ruby-2.4.5/gems/actionpack-5.0.2/lib/action_dispatch/middleware/templates/rescues/diagnostics.html.erb within rescues/layout
  Rendering /home/i9/.rvm/gems/ruby-2.4.5/gems/actionpack-5.0.2/lib/action_dispatch/middleware/templates/rescues/_source.html.erb
  Rendered /home/i9/.rvm/gems/ruby-2.4.5/gems/actionpack-5.0.2/lib/action_dispatch/middleware/templates/rescues/_source.html.erb (1.7ms)
  Rendering /home/i9/.rvm/gems/ruby-2.4.5/gems/actionpack-5.0.2/lib/action_dispatch/middleware/templates/rescues/_trace.html.erb
  Rendered /home/i9/.rvm/gems/ruby-2.4.5/gems/actionpack-5.0.2/lib/action_dispatch/middleware/templates/rescues/_trace.html.erb (0.8ms)
  Rendering /home/i9/.rvm/gems/ruby-2.4.5/gems/actionpack-5.0.2/lib/action_dispatch/middleware/templates/rescues/_request_and_response.html.erb
  Rendered /home/i9/.rvm/gems/ruby-2.4.5/gems/actionpack-5.0.2/lib/action_dispatch/middleware/templates/rescues/_request_and_response.html.erb (0.6ms)
  Rendered /home/i9/.rvm/gems/ruby-2.4.5/gems/actionpack-5.0.2/lib/action_dispatch/middleware/templates/rescues/diagnostics.html.erb within rescues/layout (12.2ms)
DEPRECATION WARNING: Accessing mime types via constants is deprecated. Please change `Mime::HTML` to `Mime[:html]`. (called from acceptable_content_type? at /home/i9/.rvm/gems/ruby-2.4.5/gems/web-console-2.3.0/lib/web_console/middleware.rb:58)
  Rendering /home/i9/.rvm/gems/ruby-2.4.5/gems/web-console-2.3.0/lib/web_console/templates/index.html.erb
  Rendered /home/i9/.rvm/gems/ruby-2.4.5/gems/web-console-2.3.0/lib/web_console/templates/_markup.html.erb (0.3ms)
  Rendering /home/i9/.rvm/gems/ruby-2.4.5/gems/web-console-2.3.0/lib/web_console/templates/console.js.erb within layouts/javascript
  Rendering /home/i9/.rvm/gems/ruby-2.4.5/gems/web-console-2.3.0/lib/web_console/templates/_inner_console_markup.html.erb within layouts/inlined_string
  Rendered /home/i9/.rvm/gems/ruby-2.4.5/gems/web-console-2.3.0/lib/web_console/templates/_inner_console_markup.html.erb within layouts/inlined_string (0.2ms)
  Rendering /home/i9/.rvm/gems/ruby-2.4.5/gems/web-console-2.3.0/lib/web_console/templates/_prompt_box_markup.html.erb within layouts/inlined_string
  Rendered /home/i9/.rvm/gems/ruby-2.4.5/gems/web-console-2.3.0/lib/web_console/templates/_prompt_box_markup.html.erb within layouts/inlined_string (0.1ms)
  Rendering /home/i9/.rvm/gems/ruby-2.4.5/gems/web-console-2.3.0/lib/web_console/templates/style.css.erb within layouts/inlined_string
  Rendered /home/i9/.rvm/gems/ruby-2.4.5/gems/web-console-2.3.0/lib/web_console/templates/style.css.erb within layouts/inlined_string (0.2ms)
DEPRECATION WARNING: Accessing mime types via constants is deprecated. Please change `Mime::WEB_CONSOLE_V2` to `Mime[:web_console_v2]`. (called from __home_i___rvm_gems_ruby_______gems_web_console_______lib_web_console_templates_console_js_erb__273471087486641421_47295021641000 at /home/i9/.rvm/gems/ruby-2.4.5/gems/web-console-2.3.0/lib/web_console/templates/console.js.erb:491)
  Rendered /home/i9/.rvm/gems/ruby-2.4.5/gems/web-console-2.3.0/lib/web_console/templates/console.js.erb within layouts/javascript (9.5ms)
  Rendering /home/i9/.rvm/gems/ruby-2.4.5/gems/web-console-2.3.0/lib/web_console/templates/main.js.erb within layouts/javascript
  Rendered /home/i9/.rvm/gems/ruby-2.4.5/gems/web-console-2.3.0/lib/web_console/templates/main.js.erb within layouts/javascript (0.2ms)
  Rendering /home/i9/.rvm/gems/ruby-2.4.5/gems/web-console-2.3.0/lib/web_console/templates/error_page.js.erb within layouts/javascript
  Rendered /home/i9/.rvm/gems/ruby-2.4.5/gems/web-console-2.3.0/lib/web_console/templates/error_page.js.erb within layouts/javascript (0.2ms)
  Rendered /home/i9/.rvm/gems/ruby-2.4.5/gems/web-console-2.3.0/lib/web_console/templates/index.html.erb (19.9ms)
Started GET "/" for ::1 at 2019-04-19 10:03:13 +0200
Processing by HomeController#index as */*
  Parameters: {"home"=>{}}
Filter chain halted as :authenticate rendered or redirected
Completed 200 OK in 2ms (Views: 0.4ms | ActiveRecord: 0.0ms)


Started GET "/" for ::1 at 2019-04-19 10:03:36 +0200
Processing by HomeController#index as */*
  Parameters: {"home"=>{}}
Completed 200 OK in 2ms (Views: 0.4ms | ActiveRecord: 0.0ms)


Started POST "/login" for ::1 at 2019-04-19 10:03:46 +0200
Processing by SessionsController#create as */*
  Parameters: {"email"=>"admin@example.com", "password"=>"[FILTERED]"}
  [1m[36mUser Load (178.5ms)[0m  [1m[34mSELECT  "users".* FROM "users" WHERE "users"."email" = $1 LIMIT $2[0m  [["email", "admin@example.com"], ["LIMIT", 1]]
Completed 200 OK in 808ms (Views: 0.2ms | ActiveRecord: 718.1ms)


Started GET "/ports" for ::1 at 2019-04-19 10:07:48 +0200
  
ActionController::RoutingError (uninitialized constant PortsController):
  
activesupport (5.0.2) lib/active_support/inflector/methods.rb:268:in `const_get'
activesupport (5.0.2) lib/active_support/inflector/methods.rb:268:in `block in constantize'
activesupport (5.0.2) lib/active_support/inflector/methods.rb:266:in `each'
activesupport (5.0.2) lib/active_support/inflector/methods.rb:266:in `inject'
activesupport (5.0.2) lib/active_support/inflector/methods.rb:266:in `constantize'
actionpack (5.0.2) lib/action_dispatch/http/request.rb:81:in `controller_class'
actionpack (5.0.2) lib/action_dispatch/routing/route_set.rb:44:in `controller'
actionpack (5.0.2) lib/action_dispatch/routing/route_set.rb:30:in `serve'
actionpack (5.0.2) lib/action_dispatch/journey/router.rb:39:in `block in serve'
actionpack (5.0.2) lib/action_dispatch/journey/router.rb:26:in `each'
actionpack (5.0.2) lib/action_dispatch/journey/router.rb:26:in `serve'
actionpack (5.0.2) lib/action_dispatch/routing/route_set.rb:725:in `call'
rack (2.0.6) lib/rack/etag.rb:25:in `call'
rack (2.0.6) lib/rack/conditional_get.rb:25:in `call'
rack (2.0.6) lib/rack/head.rb:12:in `call'
rack (2.0.6) lib/rack/session/abstract/id.rb:232:in `context'
rack (2.0.6) lib/rack/session/abstract/id.rb:226:in `call'
actionpack (5.0.2) lib/action_dispatch/middleware/cookies.rb:613:in `call'
activerecord (5.0.2) lib/active_record/migration.rb:553:in `call'
actionpack (5.0.2) lib/action_dispatch/middleware/callbacks.rb:38:in `block in call'
activesupport (5.0.2) lib/active_support/callbacks.rb:97:in `__run_callbacks__'
activesupport (5.0.2) lib/active_support/callbacks.rb:750:in `_run_call_callbacks'
activesupport (5.0.2) lib/active_support/callbacks.rb:90:in `run_callbacks'
actionpack (5.0.2) lib/action_dispatch/middleware/callbacks.rb:36:in `call'
actionpack (5.0.2) lib/action_dispatch/middleware/executor.rb:12:in `call'
actionpack (5.0.2) lib/action_dispatch/middleware/remote_ip.rb:79:in `call'
actionpack (5.0.2) lib/action_dispatch/middleware/debug_exceptions.rb:49:in `call'
web-console (2.3.0) lib/web_console/middleware.rb:28:in `block in call'
web-console (2.3.0) lib/web_console/middleware.rb:18:in `catch'
web-console (2.3.0) lib/web_console/middleware.rb:18:in `call'
actionpack (5.0.2) lib/action_dispatch/middleware/show_exceptions.rb:31:in `call'
railties (5.0.2) lib/rails/rack/logger.rb:36:in `call_app'
railties (5.0.2) lib/rails/rack/logger.rb:24:in `block in call'
activesupport (5.0.2) lib/active_support/tagged_logging.rb:69:in `block in tagged'
activesupport (5.0.2) lib/active_support/tagged_logging.rb:26:in `tagged'
activesupport (5.0.2) lib/active_support/tagged_logging.rb:69:in `tagged'
railties (5.0.2) lib/rails/rack/logger.rb:24:in `call'
actionpack (5.0.2) lib/action_dispatch/middleware/request_id.rb:24:in `call'
rack (2.0.6) lib/rack/method_override.rb:22:in `call'
rack (2.0.6) lib/rack/runtime.rb:22:in `call'
activesupport (5.0.2) lib/active_support/cache/strategy/local_cache_middleware.rb:28:in `call'
actionpack (5.0.2) lib/action_dispatch/middleware/executor.rb:12:in `call'
actionpack (5.0.2) lib/action_dispatch/middleware/static.rb:136:in `call'
rack (2.0.6) lib/rack/sendfile.rb:111:in `call'
railties (5.0.2) lib/rails/engine.rb:522:in `call'
puma (3.12.0) lib/puma/configuration.rb:225:in `call'
puma (3.12.0) lib/puma/server.rb:658:in `handle_request'
puma (3.12.0) lib/puma/server.rb:472:in `process_client'
puma (3.12.0) lib/puma/server.rb:332:in `block in run'
puma (3.12.0) lib/puma/thread_pool.rb:133:in `block in spawn_thread'
  Rendering /home/i9/.rvm/gems/ruby-2.4.5/gems/actionpack-5.0.2/lib/action_dispatch/middleware/templates/rescues/routing_error.html.erb within rescues/layout
  Rendering /home/i9/.rvm/gems/ruby-2.4.5/gems/actionpack-5.0.2/lib/action_dispatch/middleware/templates/rescues/_trace.html.erb
  Rendered /home/i9/.rvm/gems/ruby-2.4.5/gems/actionpack-5.0.2/lib/action_dispatch/middleware/templates/rescues/_trace.html.erb (0.9ms)
  Rendered collection of /home/i9/.rvm/gems/ruby-2.4.5/gems/actionpack-5.0.2/lib/action_dispatch/middleware/templates/routes/_route.html.erb [12 times] (2.1ms)
  Rendered /home/i9/.rvm/gems/ruby-2.4.5/gems/actionpack-5.0.2/lib/action_dispatch/middleware/templates/routes/_table.html.erb (0.5ms)
  Rendering /home/i9/.rvm/gems/ruby-2.4.5/gems/actionpack-5.0.2/lib/action_dispatch/middleware/templates/rescues/_request_and_response.html.erb
  Rendered /home/i9/.rvm/gems/ruby-2.4.5/gems/actionpack-5.0.2/lib/action_dispatch/middleware/templates/rescues/_request_and_response.html.erb (0.5ms)
  Rendered /home/i9/.rvm/gems/ruby-2.4.5/gems/actionpack-5.0.2/lib/action_dispatch/middleware/templates/rescues/routing_error.html.erb within rescues/layout (15.7ms)
DEPRECATION WARNING: Accessing mime types via constants is deprecated. Please change `Mime::HTML` to `Mime[:html]`. (called from acceptable_content_type? at /home/i9/.rvm/gems/ruby-2.4.5/gems/web-console-2.3.0/lib/web_console/middleware.rb:58)
  Rendering /home/i9/.rvm/gems/ruby-2.4.5/gems/web-console-2.3.0/lib/web_console/templates/index.html.erb
  Rendered /home/i9/.rvm/gems/ruby-2.4.5/gems/web-console-2.3.0/lib/web_console/templates/_markup.html.erb (0.1ms)
  Rendering /home/i9/.rvm/gems/ruby-2.4.5/gems/web-console-2.3.0/lib/web_console/templates/console.js.erb within layouts/javascript
  Rendering /home/i9/.rvm/gems/ruby-2.4.5/gems/web-console-2.3.0/lib/web_console/templates/_inner_console_markup.html.erb within layouts/inlined_string
  Rendered /home/i9/.rvm/gems/ruby-2.4.5/gems/web-console-2.3.0/lib/web_console/templates/_inner_console_markup.html.erb within layouts/inlined_string (0.1ms)
  Rendering /home/i9/.rvm/gems/ruby-2.4.5/gems/web-console-2.3.0/lib/web_console/templates/_prompt_box_markup.html.erb within layouts/inlined_string
  Rendered /home/i9/.rvm/gems/ruby-2.4.5/gems/web-console-2.3.0/lib/web_console/templates/_prompt_box_markup.html.erb within layouts/inlined_string (0.1ms)
  Rendering /home/i9/.rvm/gems/ruby-2.4.5/gems/web-console-2.3.0/lib/web_console/templates/style.css.erb within layouts/inlined_string
  Rendered /home/i9/.rvm/gems/ruby-2.4.5/gems/web-console-2.3.0/lib/web_console/templates/style.css.erb within layouts/inlined_string (0.2ms)
DEPRECATION WARNING: Accessing mime types via constants is deprecated. Please change `Mime::WEB_CONSOLE_V2` to `Mime[:web_console_v2]`. (called from __home_i___rvm_gems_ruby_______gems_web_console_______lib_web_console_templates_console_js_erb__273471087486641421_47295027324040 at /home/i9/.rvm/gems/ruby-2.4.5/gems/web-console-2.3.0/lib/web_console/templates/console.js.erb:491)
  Rendered /home/i9/.rvm/gems/ruby-2.4.5/gems/web-console-2.3.0/lib/web_console/templates/console.js.erb within layouts/javascript (9.2ms)
  Rendering /home/i9/.rvm/gems/ruby-2.4.5/gems/web-console-2.3.0/lib/web_console/templates/main.js.erb within layouts/javascript
  Rendered /home/i9/.rvm/gems/ruby-2.4.5/gems/web-console-2.3.0/lib/web_console/templates/main.js.erb within layouts/javascript (0.1ms)
  Rendering /home/i9/.rvm/gems/ruby-2.4.5/gems/web-console-2.3.0/lib/web_console/templates/error_page.js.erb within layouts/javascript
  Rendered /home/i9/.rvm/gems/ruby-2.4.5/gems/web-console-2.3.0/lib/web_console/templates/error_page.js.erb within layouts/javascript (0.2ms)
  Rendered /home/i9/.rvm/gems/ruby-2.4.5/gems/web-console-2.3.0/lib/web_console/templates/index.html.erb (18.1ms)
Started GET "/" for ::1 at 2019-04-19 10:07:56 +0200
Processing by HomeController#index as */*
  Parameters: {"home"=>{}}
Completed 200 OK in 1ms (Views: 0.3ms | ActiveRecord: 0.0ms)


Started GET "/" for ::1 at 2019-04-19 10:08:09 +0200
Processing by HomeController#index as */*
  Parameters: {"home"=>{}}
Filter chain halted as :authenticate rendered or redirected
Completed 200 OK in 2ms (Views: 0.4ms | ActiveRecord: 0.0ms)


Started GET "/?Content-Type=application/json&Auth-Token=eyJhbGciOiJIUzI1NiJ9.eyJpZCI6MSwiZXhwIjoxNTU2MjY1ODI3fQ.khTZZCHOKUPUVXKtC4VpXSxGWG8LRL5wdn84yJh7B9Y" for ::1 at 2019-04-19 10:09:31 +0200
Processing by HomeController#index as */*
  Parameters: {"Content-Type"=>"application/json", "Auth-Token"=>"eyJhbGciOiJIUzI1NiJ9.eyJpZCI6MSwiZXhwIjoxNTU2MjY1ODI3fQ.khTZZCHOKUPUVXKtC4VpXSxGWG8LRL5wdn84yJh7B9Y", "home"=>{}}
Filter chain halted as :authenticate rendered or redirected
Completed 200 OK in 1ms (Views: 0.2ms | ActiveRecord: 0.0ms)


Started GET "/?Content-Type=application/json" for ::1 at 2019-04-19 10:10:46 +0200
Processing by HomeController#index as */*
  Parameters: {"Content-Type"=>"application/json", "home"=>{}}
Completed 200 OK in 0ms (Views: 0.1ms | ActiveRecord: 0.0ms)


  [1m[35m (179.1ms)[0m  [1m[34mSELECT pg_try_advisory_lock(3394398716125288620);[0m
  [1m[36mActiveRecord::SchemaMigration Load (179.1ms)[0m  [1m[34mSELECT "schema_migrations".* FROM "schema_migrations"[0m
Migrating to CreatePorts (20190419082915)
  [1m[35m (179.2ms)[0m  [1m[35mBEGIN[0m
  [1m[35m (178.5ms)[0m  [1m[31mROLLBACK[0m
  [1m[35m (178.4ms)[0m  [1m[34mSELECT pg_advisory_unlock(3394398716125288620)[0m
  [1m[35m (169.2ms)[0m  [1m[34mSELECT pg_try_advisory_lock(3394398716125288620);[0m
  [1m[36mActiveRecord::SchemaMigration Load (169.6ms)[0m  [1m[34mSELECT "schema_migrations".* FROM "schema_migrations"[0m
Migrating to CreatePorts (20190419082915)
  [1m[35m (168.9ms)[0m  [1m[35mBEGIN[0m
  [1m[35m (171.2ms)[0m  [1m[35mCREATE TABLE "ports" ("id" serial primary key, "code" character varying NOT NULL, "name" character varying NOT NULL, "city" character varying, "latitude" double, "longitude" double, "big_schedules" character varying, "port_type" character varying NOT NULL, "hub_port" boolean DEFAULT 'f', "oi_code" character varying, "oi" character varying, "created_at" timestamp NOT NULL, "updated_at" timestamp NOT NULL)[0m
  [1m[35m (169.8ms)[0m  [1m[31mROLLBACK[0m
  [1m[35m (169.3ms)[0m  [1m[34mSELECT pg_advisory_unlock(3394398716125288620)[0m
  [1m[35m (178.4ms)[0m  [1m[34mSELECT pg_try_advisory_lock(3394398716125288620);[0m
  [1m[36mActiveRecord::SchemaMigration Load (179.0ms)[0m  [1m[34mSELECT "schema_migrations".* FROM "schema_migrations"[0m
Migrating to CreatePorts (20190419082915)
  [1m[35m (185.1ms)[0m  [1m[35mBEGIN[0m
  [1m[35m (191.5ms)[0m  [1m[35mCREATE TABLE "ports" ("id" serial primary key, "code" character varying NOT NULL, "name" character varying NOT NULL, "city" character varying, "latitude" float(30), "longitude" float(30), "big_schedules" character varying, "port_type" character varying NOT NULL, "hub_port" boolean DEFAULT 'f', "oi_code" character varying, "oi" character varying, "created_at" timestamp NOT NULL, "updated_at" timestamp NOT NULL)[0m
  [1m[35m (185.4ms)[0m  [1m[35mCREATE UNIQUE INDEX  "index_ports_on_code" ON "ports"  ("code")[0m
  [1m[35mSQL (178.5ms)[0m  [1m[32mINSERT INTO "schema_migrations" ("version") VALUES ($1) RETURNING "version"[0m  [["version", "20190419082915"]]
  [1m[35m (179.3ms)[0m  [1m[35mCOMMIT[0m
  [1m[36mActiveRecord::InternalMetadata Load (179.2ms)[0m  [1m[34mSELECT  "ar_internal_metadata".* FROM "ar_internal_metadata" WHERE "ar_internal_metadata"."key" = $1 LIMIT $2[0m  [["key", :environment], ["LIMIT", 1]]
  [1m[35m (178.1ms)[0m  [1m[35mBEGIN[0m
  [1m[35m (179.7ms)[0m  [1m[35mCOMMIT[0m
  [1m[35m (179.0ms)[0m  [1m[34mSELECT pg_advisory_unlock(3394398716125288620)[0m
  [1m[36mActiveRecord::SchemaMigration Load (178.6ms)[0m  [1m[34mSELECT "schema_migrations".* FROM "schema_migrations"[0m
Started GET "/" for ::1 at 2019-04-19 11:16:02 +0200
  [1m[36mActiveRecord::SchemaMigration Load (169.9ms)[0m  [1m[34mSELECT "schema_migrations".* FROM "schema_migrations"[0m
Processing by HomeController#index as */*
  Parameters: {"home"=>{}}
Completed 200 OK in 5ms (Views: 0.2ms | ActiveRecord: 0.0ms)


Started POST "/login" for ::1 at 2019-04-19 11:16:23 +0200
Processing by SessionsController#create as */*
  Parameters: {"email"=>"admin@example.com", "password"=>"[FILTERED]"}
  [1m[36mUser Load (170.1ms)[0m  [1m[34mSELECT  "users".* FROM "users" WHERE "users"."email" = $1 LIMIT $2[0m  [["email", "admin@example.com"], ["LIMIT", 1]]
Completed 200 OK in 1075ms (Views: 0.2ms | ActiveRecord: 852.3ms)


Started GET "/ports/" for ::1 at 2019-04-19 11:16:40 +0200
Processing by PortsController#index as */*
  Parameters: {"port"=>{}}
  [1m[35m (169.7ms)[0m  [1m[34mSELECT COUNT(*) FROM "ports"[0m
Completed 500 Internal Server Error in 180ms (ActiveRecord: 340.9ms)


  
NoMethodError (undefined method `render' for #<PortDetail:0x000055e1fb46ad38>):
  
app/services/port_detail.rb:7:in `list'
app/controllers/ports_controller.rb:6:in `index'
  Rendering /home/i9/.rvm/gems/ruby-2.4.5/gems/actionpack-5.0.2/lib/action_dispatch/middleware/templates/rescues/diagnostics.html.erb within rescues/layout
  Rendering /home/i9/.rvm/gems/ruby-2.4.5/gems/actionpack-5.0.2/lib/action_dispatch/middleware/templates/rescues/_source.html.erb
  Rendered /home/i9/.rvm/gems/ruby-2.4.5/gems/actionpack-5.0.2/lib/action_dispatch/middleware/templates/rescues/_source.html.erb (1.7ms)
  Rendering /home/i9/.rvm/gems/ruby-2.4.5/gems/actionpack-5.0.2/lib/action_dispatch/middleware/templates/rescues/_trace.html.erb
  Rendered /home/i9/.rvm/gems/ruby-2.4.5/gems/actionpack-5.0.2/lib/action_dispatch/middleware/templates/rescues/_trace.html.erb (0.7ms)
  Rendering /home/i9/.rvm/gems/ruby-2.4.5/gems/actionpack-5.0.2/lib/action_dispatch/middleware/templates/rescues/_request_and_response.html.erb
  Rendered /home/i9/.rvm/gems/ruby-2.4.5/gems/actionpack-5.0.2/lib/action_dispatch/middleware/templates/rescues/_request_and_response.html.erb (0.6ms)
  Rendered /home/i9/.rvm/gems/ruby-2.4.5/gems/actionpack-5.0.2/lib/action_dispatch/middleware/templates/rescues/diagnostics.html.erb within rescues/layout (12.8ms)
DEPRECATION WARNING: Accessing mime types via constants is deprecated. Please change `Mime::HTML` to `Mime[:html]`. (called from acceptable_content_type? at /home/i9/.rvm/gems/ruby-2.4.5/gems/web-console-2.3.0/lib/web_console/middleware.rb:58)
  Rendering /home/i9/.rvm/gems/ruby-2.4.5/gems/web-console-2.3.0/lib/web_console/templates/index.html.erb
  Rendered /home/i9/.rvm/gems/ruby-2.4.5/gems/web-console-2.3.0/lib/web_console/templates/_markup.html.erb (0.2ms)
  Rendering /home/i9/.rvm/gems/ruby-2.4.5/gems/web-console-2.3.0/lib/web_console/templates/console.js.erb within layouts/javascript
  Rendering /home/i9/.rvm/gems/ruby-2.4.5/gems/web-console-2.3.0/lib/web_console/templates/_inner_console_markup.html.erb within layouts/inlined_string
  Rendered /home/i9/.rvm/gems/ruby-2.4.5/gems/web-console-2.3.0/lib/web_console/templates/_inner_console_markup.html.erb within layouts/inlined_string (0.2ms)
  Rendering /home/i9/.rvm/gems/ruby-2.4.5/gems/web-console-2.3.0/lib/web_console/templates/_prompt_box_markup.html.erb within layouts/inlined_string
  Rendered /home/i9/.rvm/gems/ruby-2.4.5/gems/web-console-2.3.0/lib/web_console/templates/_prompt_box_markup.html.erb within layouts/inlined_string (0.1ms)
  Rendering /home/i9/.rvm/gems/ruby-2.4.5/gems/web-console-2.3.0/lib/web_console/templates/style.css.erb within layouts/inlined_string
  Rendered /home/i9/.rvm/gems/ruby-2.4.5/gems/web-console-2.3.0/lib/web_console/templates/style.css.erb within layouts/inlined_string (0.3ms)
DEPRECATION WARNING: Accessing mime types via constants is deprecated. Please change `Mime::WEB_CONSOLE_V2` to `Mime[:web_console_v2]`. (called from __home_i___rvm_gems_ruby_______gems_web_console_______lib_web_console_templates_console_js_erb___3733424339642517678_47214543794660 at /home/i9/.rvm/gems/ruby-2.4.5/gems/web-console-2.3.0/lib/web_console/templates/console.js.erb:491)
  Rendered /home/i9/.rvm/gems/ruby-2.4.5/gems/web-console-2.3.0/lib/web_console/templates/console.js.erb within layouts/javascript (11.5ms)
  Rendering /home/i9/.rvm/gems/ruby-2.4.5/gems/web-console-2.3.0/lib/web_console/templates/main.js.erb within layouts/javascript
  Rendered /home/i9/.rvm/gems/ruby-2.4.5/gems/web-console-2.3.0/lib/web_console/templates/main.js.erb within layouts/javascript (0.1ms)
  Rendering /home/i9/.rvm/gems/ruby-2.4.5/gems/web-console-2.3.0/lib/web_console/templates/error_page.js.erb within layouts/javascript
  Rendered /home/i9/.rvm/gems/ruby-2.4.5/gems/web-console-2.3.0/lib/web_console/templates/error_page.js.erb within layouts/javascript (0.3ms)
  Rendered /home/i9/.rvm/gems/ruby-2.4.5/gems/web-console-2.3.0/lib/web_console/templates/index.html.erb (20.7ms)
Started GET "/ports" for ::1 at 2019-04-19 11:16:53 +0200
Processing by PortsController#index as */*
  Parameters: {"port"=>{}}
  [1m[35m (169.9ms)[0m  [1m[34mSELECT COUNT(*) FROM "ports"[0m
Completed 500 Internal Server Error in 177ms (ActiveRecord: 169.9ms)


  
NoMethodError (undefined method `render' for #<PortDetail:0x000055e1fc2d6de0>):
  
app/services/port_detail.rb:7:in `list'
app/controllers/ports_controller.rb:6:in `index'
  Rendering /home/i9/.rvm/gems/ruby-2.4.5/gems/actionpack-5.0.2/lib/action_dispatch/middleware/templates/rescues/diagnostics.html.erb within rescues/layout
  Rendering /home/i9/.rvm/gems/ruby-2.4.5/gems/actionpack-5.0.2/lib/action_dispatch/middleware/templates/rescues/_source.html.erb
  Rendered /home/i9/.rvm/gems/ruby-2.4.5/gems/actionpack-5.0.2/lib/action_dispatch/middleware/templates/rescues/_source.html.erb (1.8ms)
  Rendering /home/i9/.rvm/gems/ruby-2.4.5/gems/actionpack-5.0.2/lib/action_dispatch/middleware/templates/rescues/_trace.html.erb
  Rendered /home/i9/.rvm/gems/ruby-2.4.5/gems/actionpack-5.0.2/lib/action_dispatch/middleware/templates/rescues/_trace.html.erb (0.7ms)
  Rendering /home/i9/.rvm/gems/ruby-2.4.5/gems/actionpack-5.0.2/lib/action_dispatch/middleware/templates/rescues/_request_and_response.html.erb
  Rendered /home/i9/.rvm/gems/ruby-2.4.5/gems/actionpack-5.0.2/lib/action_dispatch/middleware/templates/rescues/_request_and_response.html.erb (0.4ms)
  Rendered /home/i9/.rvm/gems/ruby-2.4.5/gems/actionpack-5.0.2/lib/action_dispatch/middleware/templates/rescues/diagnostics.html.erb within rescues/layout (11.3ms)
DEPRECATION WARNING: Accessing mime types via constants is deprecated. Please change `Mime::HTML` to `Mime[:html]`. (called from acceptable_content_type? at /home/i9/.rvm/gems/ruby-2.4.5/gems/web-console-2.3.0/lib/web_console/middleware.rb:58)
  Rendering /home/i9/.rvm/gems/ruby-2.4.5/gems/web-console-2.3.0/lib/web_console/templates/index.html.erb
  Rendered /home/i9/.rvm/gems/ruby-2.4.5/gems/web-console-2.3.0/lib/web_console/templates/_markup.html.erb (0.1ms)
  Rendering /home/i9/.rvm/gems/ruby-2.4.5/gems/web-console-2.3.0/lib/web_console/templates/console.js.erb within layouts/javascript
  Rendering /home/i9/.rvm/gems/ruby-2.4.5/gems/web-console-2.3.0/lib/web_console/templates/_inner_console_markup.html.erb within layouts/inlined_string
  Rendered /home/i9/.rvm/gems/ruby-2.4.5/gems/web-console-2.3.0/lib/web_console/templates/_inner_console_markup.html.erb within layouts/inlined_string (0.1ms)
  Rendering /home/i9/.rvm/gems/ruby-2.4.5/gems/web-console-2.3.0/lib/web_console/templates/_prompt_box_markup.html.erb within layouts/inlined_string
  Rendered /home/i9/.rvm/gems/ruby-2.4.5/gems/web-console-2.3.0/lib/web_console/templates/_prompt_box_markup.html.erb within layouts/inlined_string (0.1ms)
  Rendering /home/i9/.rvm/gems/ruby-2.4.5/gems/web-console-2.3.0/lib/web_console/templates/style.css.erb within layouts/inlined_string
  Rendered /home/i9/.rvm/gems/ruby-2.4.5/gems/web-console-2.3.0/lib/web_console/templates/style.css.erb within layouts/inlined_string (0.1ms)
DEPRECATION WARNING: Accessing mime types via constants is deprecated. Please change `Mime::WEB_CONSOLE_V2` to `Mime[:web_console_v2]`. (called from __home_i___rvm_gems_ruby_______gems_web_console_______lib_web_console_templates_console_js_erb___3733424339642517678_47214541135100 at /home/i9/.rvm/gems/ruby-2.4.5/gems/web-console-2.3.0/lib/web_console/templates/console.js.erb:491)
  Rendered /home/i9/.rvm/gems/ruby-2.4.5/gems/web-console-2.3.0/lib/web_console/templates/console.js.erb within layouts/javascript (8.9ms)
  Rendering /home/i9/.rvm/gems/ruby-2.4.5/gems/web-console-2.3.0/lib/web_console/templates/main.js.erb within layouts/javascript
  Rendered /home/i9/.rvm/gems/ruby-2.4.5/gems/web-console-2.3.0/lib/web_console/templates/main.js.erb within layouts/javascript (0.1ms)
  Rendering /home/i9/.rvm/gems/ruby-2.4.5/gems/web-console-2.3.0/lib/web_console/templates/error_page.js.erb within layouts/javascript
  Rendered /home/i9/.rvm/gems/ruby-2.4.5/gems/web-console-2.3.0/lib/web_console/templates/error_page.js.erb within layouts/javascript (0.2ms)
  Rendered /home/i9/.rvm/gems/ruby-2.4.5/gems/web-console-2.3.0/lib/web_console/templates/index.html.erb (18.9ms)
Started GET "/ports" for ::1 at 2019-04-19 11:19:02 +0200
Processing by PortsController#index as */*
  Parameters: {"port"=>{}}
  [1m[35m (169.4ms)[0m  [1m[34mSELECT COUNT(*) FROM "ports"[0m
  [1m[36mPort Load (169.7ms)[0m  [1m[34mSELECT  "ports".* FROM "ports" ORDER BY ports.name ASC LIMIT $1 OFFSET $2[0m  [["LIMIT", 10], ["OFFSET", 0]]
Completed 200 OK in 344ms (Views: 1.4ms | ActiveRecord: 678.4ms)


Started GET "/ports" for ::1 at 2019-04-19 11:19:36 +0200
Processing by PortsController#index as */*
  Parameters: {"port"=>{}}
  [1m[35m (169.2ms)[0m  [1m[34mSELECT COUNT(*) FROM "ports"[0m
  [1m[36mPort Load (169.0ms)[0m  [1m[34mSELECT  "ports".* FROM "ports" ORDER BY ports.name ASC LIMIT $1 OFFSET $2[0m  [["LIMIT", 10], ["OFFSET", 0]]
Completed 200 OK in 343ms (Views: 2.4ms | ActiveRecord: 677.5ms)


Started GET "/ports" for ::1 at 2019-04-19 11:19:50 +0200
Processing by PortsController#index as */*
  Parameters: {"port"=>{}}
  [1m[36mUser Load (168.7ms)[0m  [1m[34mSELECT  "users".* FROM "users" WHERE "users"."id" = $1 LIMIT $2[0m  [["id", 1], ["LIMIT", 1]]
  [1m[35m (168.8ms)[0m  [1m[34mSELECT COUNT(*) FROM "ports"[0m
  [1m[36mPort Load (168.8ms)[0m  [1m[34mSELECT  "ports".* FROM "ports" ORDER BY ports.name ASC LIMIT $1 OFFSET $2[0m  [["LIMIT", 10], ["OFFSET", 0]]
Completed 200 OK in 1036ms (Views: 1.0ms | ActiveRecord: 1186.8ms)


Started GET "/ports" for ::1 at 2019-04-19 11:19:55 +0200
Processing by PortsController#index as */*
  Parameters: {"port"=>{}}
Filter chain halted as :authenticate rendered or redirected
Completed 200 OK in 1ms (Views: 0.2ms | ActiveRecord: 0.0ms)


Started GET "/ports" for ::1 at 2019-04-19 11:20:10 +0200
Processing by PortsController#index as */*
  Parameters: {"port"=>{}}
Filter chain halted as :authenticate rendered or redirected
Completed 200 OK in 1ms (Views: 0.2ms | ActiveRecord: 0.0ms)


Started GET "/ports?search=test" for ::1 at 2019-04-19 11:21:47 +0200
Processing by PortsController#index as */*
  Parameters: {"search"=>"test", "port"=>{}}
  [1m[35m (648.2ms)[0m  [1m[34mSELECT COUNT(*) FROM "ports" WHERE (  ports.name ILIKE '%test%' )[0m
  [1m[36mPort Load (249.9ms)[0m  [1m[34mSELECT  "ports".* FROM "ports" WHERE (  ports.name ILIKE '%test%' ) ORDER BY ports.name ASC LIMIT $1 OFFSET $2[0m  [["LIMIT", 10], ["OFFSET", 0]]
Completed 200 OK in 903ms (Views: 0.7ms | ActiveRecord: 1237.6ms)


Started GET "/ports?search=test" for ::1 at 2019-04-19 11:23:32 +0200
Processing by PortsController#index as */*
  Parameters: {"search"=>"test", "port"=>{}}
  [1m[35m (170.2ms)[0m  [1m[34mSELECT COUNT(*) FROM "ports" WHERE (  ports.name ILIKE '%test%'  OR ports.code ILIKE '%test%' )[0m
  [1m[36mPort Load (170.7ms)[0m  [1m[34mSELECT  "ports".* FROM "ports" WHERE (  ports.name ILIKE '%test%'  OR ports.code ILIKE '%test%' ) ORDER BY ports.name ASC LIMIT $1 OFFSET $2[0m  [["LIMIT", 10], ["OFFSET", 0]]
Completed 200 OK in 348ms (Views: 2.2ms | ActiveRecord: 682.4ms)


Started GET "/ports?search=test" for ::1 at 2019-04-19 11:35:28 +0200
Processing by PortsController#index as */*
  Parameters: {"search"=>"test", "port"=>{}}
  [1m[35m (169.1ms)[0m  [1m[34mSELECT COUNT(*) FROM "ports" WHERE "ports"."port_type" IS NULL[0m
  [1m[36mPort Load (169.3ms)[0m  [1m[34mSELECT  "ports".* FROM "ports" WHERE "ports"."port_type" IS NULL ORDER BY ports.name ASC LIMIT $1 OFFSET $2[0m  [["LIMIT", 10], ["OFFSET", 0]]
Completed 200 OK in 342ms (Views: 1.6ms | ActiveRecord: 679.2ms)


Started GET "/ports?search=test" for ::1 at 2019-04-19 11:35:36 +0200
  [1m[36mActiveRecord::SchemaMigration Load (169.0ms)[0m  [1m[34mSELECT "schema_migrations".* FROM "schema_migrations"[0m
Processing by PortsController#index as */*
  Parameters: {"search"=>"test", "port"=>{}}
  [1m[35m (170.0ms)[0m  [1m[34mSELECT COUNT(*) FROM "ports" WHERE "ports"."port_type" IS NULL[0m
  [1m[36mPort Load (170.6ms)[0m  [1m[34mSELECT  "ports".* FROM "ports" WHERE "ports"."port_type" IS NULL ORDER BY ports.name ASC LIMIT $1 OFFSET $2[0m  [["LIMIT", 10], ["OFFSET", 0]]
Completed 200 OK in 350ms (Views: 2.4ms | ActiveRecord: 682.2ms)


Started GET "/ports?search=test" for ::1 at 2019-04-19 11:36:45 +0200
  [1m[36mActiveRecord::SchemaMigration Load (178.7ms)[0m  [1m[34mSELECT "schema_migrations".* FROM "schema_migrations"[0m
Processing by PortsController#index as */*
  Parameters: {"search"=>"test", "port"=>{}}
  [1m[35m (179.8ms)[0m  [1m[34mSELECT COUNT(*) FROM "ports"[0m
  [1m[36mPort Load (179.1ms)[0m  [1m[34mSELECT  "ports".* FROM "ports" ORDER BY ports.name ASC LIMIT $1 OFFSET $2[0m  [["LIMIT", 10], ["OFFSET", 0]]
Completed 200 OK in 381ms (Views: 1.8ms | ActiveRecord: 717.4ms)


Started GET "/ports?search=test" for ::1 at 2019-04-19 11:37:47 +0200
Processing by PortsController#index as */*
  Parameters: {"search"=>"test", "port"=>{}}
  [1m[35m (179.2ms)[0m  [1m[34mSELECT COUNT(*) FROM "ports" WHERE (ports.name ILIKE '%test%' OR ports.code ILIKE '%test%' )[0m
  [1m[36mPort Load (179.5ms)[0m  [1m[34mSELECT  "ports".* FROM "ports" WHERE (ports.name ILIKE '%test%' OR ports.code ILIKE '%test%' ) ORDER BY ports.name ASC LIMIT $1 OFFSET $2[0m  [["LIMIT", 10], ["OFFSET", 0]]
Completed 200 OK in 366ms (Views: 2.2ms | ActiveRecord: 358.6ms)


Started GET "/ports?search=test&port_type=seaport,airport" for ::1 at 2019-04-19 11:40:05 +0200
Processing by PortsController#index as */*
  Parameters: {"search"=>"test", "port_type"=>"seaport,airport", "port"=>{}}
  [1m[35m (179.0ms)[0m  [1m[34mSELECT COUNT(*) FROM "ports" WHERE (ports.name ILIKE '%test%' OR ports.code ILIKE '%test%' ) AND "ports"."port_type" = $1[0m  [["port_type", "seaport,airport"]]
  [1m[36mPort Load (179.7ms)[0m  [1m[34mSELECT  "ports".* FROM "ports" WHERE (ports.name ILIKE '%test%' OR ports.code ILIKE '%test%' ) AND "ports"."port_type" = $1 ORDER BY ports.name ASC LIMIT $2 OFFSET $3[0m  [["port_type", "seaport,airport"], ["LIMIT", 10], ["OFFSET", 0]]
Completed 200 OK in 364ms (Views: 2.3ms | ActiveRecord: 358.7ms)


Started GET "/ports?search=test&port_type=seaport,airport" for ::1 at 2019-04-19 11:43:27 +0200
Processing by PortsController#index as */*
  Parameters: {"search"=>"test", "port_type"=>"seaport,airport", "port"=>{}}
  [1m[35m (178.4ms)[0m  [1m[34mSELECT COUNT(*) FROM "ports" WHERE (ports.name ILIKE '%test%' OR ports.code ILIKE '%test%' )[0m
  [1m[36mPort Load (178.1ms)[0m  [1m[34mSELECT  "ports".* FROM "ports" WHERE (ports.name ILIKE '%test%' OR ports.code ILIKE '%test%' ) ORDER BY ports.name ASC LIMIT $1 OFFSET $2[0m  [["LIMIT", 10], ["OFFSET", 0]]
Completed 200 OK in 364ms (Views: 2.2ms | ActiveRecord: 356.6ms)


Started GET "/ports?search=test&port_type=seaport,airport" for ::1 at 2019-04-19 11:43:37 +0200
  [1m[36mActiveRecord::SchemaMigration Load (169.6ms)[0m  [1m[34mSELECT "schema_migrations".* FROM "schema_migrations"[0m
Processing by PortsController#index as */*
  Parameters: {"search"=>"test", "port_type"=>"seaport,airport", "port"=>{}}
  [1m[35m (170.0ms)[0m  [1m[34mSELECT COUNT(*) FROM "ports" WHERE (ports.name ILIKE '%test%' OR ports.code ILIKE '%test%' )[0m
  [1m[36mPort Load (170.4ms)[0m  [1m[34mSELECT  "ports".* FROM "ports" WHERE (ports.name ILIKE '%test%' OR ports.code ILIKE '%test%' ) ORDER BY ports.name ASC LIMIT $1 OFFSET $2[0m  [["LIMIT", 10], ["OFFSET", 0]]
Completed 200 OK in 364ms (Views: 2.4ms | ActiveRecord: 681.5ms)


Started GET "/ports?search=test&port_type=seaport" for ::1 at 2019-04-19 11:44:26 +0200
Processing by PortsController#index as */*
  Parameters: {"search"=>"test", "port_type"=>"seaport", "port"=>{}}
  [1m[35m (180.0ms)[0m  [1m[34mSELECT COUNT(*) FROM "ports" WHERE (ports.name ILIKE '%test%' OR ports.code ILIKE '%test%' ) AND "ports"."port_type" = $1[0m  [["port_type", "seaport"]]
  [1m[36mPort Load (179.1ms)[0m  [1m[34mSELECT  "ports".* FROM "ports" WHERE (ports.name ILIKE '%test%' OR ports.code ILIKE '%test%' ) AND "ports"."port_type" = $1 ORDER BY ports.name ASC LIMIT $2 OFFSET $3[0m  [["port_type", "seaport"], ["LIMIT", 10], ["OFFSET", 0]]
Completed 200 OK in 366ms (Views: 2.5ms | ActiveRecord: 359.1ms)


